Started GET "/" for ::1 at 2019-06-03 17:25:53 -0500
  
ActiveRecord::PendingMigrationError (

Migrations are pending. To resolve this issue, run:

        bin/rails db:migrate RAILS_ENV=development

):
  
activerecord (5.2.3) lib/active_record/migration.rb:579:in `check_pending!'
activerecord (5.2.3) lib/active_record/migration.rb:556:in `call'
actionpack (5.2.3) lib/action_dispatch/middleware/callbacks.rb:28:in `block in call'
activesupport (5.2.3) lib/active_support/callbacks.rb:98:in `run_callbacks'
actionpack (5.2.3) lib/action_dispatch/middleware/callbacks.rb:26:in `call'
actionpack (5.2.3) lib/action_dispatch/middleware/executor.rb:14:in `call'
actionpack (5.2.3) lib/action_dispatch/middleware/debug_exceptions.rb:61:in `call'
actionpack (5.2.3) lib/action_dispatch/middleware/show_exceptions.rb:33:in `call'
railties (5.2.3) lib/rails/rack/logger.rb:38:in `call_app'
railties (5.2.3) lib/rails/rack/logger.rb:26:in `block in call'
activesupport (5.2.3) lib/active_support/tagged_logging.rb:71:in `block in tagged'
activesupport (5.2.3) lib/active_support/tagged_logging.rb:28:in `tagged'
activesupport (5.2.3) lib/active_support/tagged_logging.rb:71:in `tagged'
railties (5.2.3) lib/rails/rack/logger.rb:26:in `call'
actionpack (5.2.3) lib/action_dispatch/middleware/remote_ip.rb:81:in `call'
actionpack (5.2.3) lib/action_dispatch/middleware/request_id.rb:27:in `call'
rack (2.0.7) lib/rack/runtime.rb:22:in `call'
activesupport (5.2.3) lib/active_support/cache/strategy/local_cache_middleware.rb:29:in `call'
actionpack (5.2.3) lib/action_dispatch/middleware/executor.rb:14:in `call'
actionpack (5.2.3) lib/action_dispatch/middleware/static.rb:127:in `call'
rack (2.0.7) lib/rack/sendfile.rb:111:in `call'
railties (5.2.3) lib/rails/engine.rb:524:in `call'
puma (3.12.1) lib/puma/configuration.rb:227:in `call'
puma (3.12.1) lib/puma/server.rb:660:in `handle_request'
puma (3.12.1) lib/puma/server.rb:474:in `process_client'
puma (3.12.1) lib/puma/server.rb:334:in `block in run'
puma (3.12.1) lib/puma/thread_pool.rb:135:in `block in spawn_thread'
  [1m[35m (2.1ms)[0m  [1m[34mSELECT sqlite_version(*)[0m
  ↳ bin/rails:9
  [1m[35m (2.5ms)[0m  [1m[35mCREATE TABLE "schema_migrations" ("version" varchar NOT NULL PRIMARY KEY)[0m
  ↳ bin/rails:9
  [1m[35m (1.2ms)[0m  [1m[35mCREATE TABLE "ar_internal_metadata" ("key" varchar NOT NULL PRIMARY KEY, "value" varchar, "created_at" datetime NOT NULL, "updated_at" datetime NOT NULL)[0m
  ↳ bin/rails:9
  [1m[35m (0.6ms)[0m  [1m[34mSELECT "schema_migrations"."version" FROM "schema_migrations" ORDER BY "schema_migrations"."version" ASC[0m
  ↳ bin/rails:9
Migrating to CreateHabits (20190603193312)
  [1m[35m (0.1ms)[0m  [1m[36mbegin transaction[0m
  ↳ bin/rails:9
  [1m[35m (0.5ms)[0m  [1m[35mCREATE TABLE "habits" ("id" integer PRIMARY KEY AUTOINCREMENT NOT NULL, "name" varchar, "frequency" integer, "count" integer, "type" varchar, "created_at" datetime NOT NULL, "updated_at" datetime NOT NULL)[0m
  ↳ db/migrate/20190603193312_create_habits.rb:3
  [1m[36mActiveRecord::SchemaMigration Create (0.2ms)[0m  [1m[32mINSERT INTO "schema_migrations" ("version") VALUES (?)[0m  [["version", "20190603193312"]]
  ↳ bin/rails:9
  [1m[35m (1.1ms)[0m  [1m[36mcommit transaction[0m
  ↳ bin/rails:9
  [1m[36mActiveRecord::InternalMetadata Load (0.2ms)[0m  [1m[34mSELECT  "ar_internal_metadata".* FROM "ar_internal_metadata" WHERE "ar_internal_metadata"."key" = ? LIMIT ?[0m  [["key", "environment"], ["LIMIT", 1]]
  ↳ bin/rails:9
  [1m[35m (0.0ms)[0m  [1m[36mbegin transaction[0m
  ↳ bin/rails:9
  [1m[36mActiveRecord::InternalMetadata Create (0.3ms)[0m  [1m[32mINSERT INTO "ar_internal_metadata" ("key", "value", "created_at", "updated_at") VALUES (?, ?, ?, ?)[0m  [["key", "environment"], ["value", "development"], ["created_at", "2019-06-03 22:26:04.965598"], ["updated_at", "2019-06-03 22:26:04.965598"]]
  ↳ bin/rails:9
  [1m[35m (0.6ms)[0m  [1m[36mcommit transaction[0m
  ↳ bin/rails:9
  [1m[35m (0.2ms)[0m  [1m[34mSELECT "schema_migrations"."version" FROM "schema_migrations" ORDER BY "schema_migrations"."version" ASC[0m
  ↳ bin/rails:9
Started GET "/" for ::1 at 2019-06-03 17:26:17 -0500
  [1m[35m (0.1ms)[0m  [1m[34mSELECT "schema_migrations"."version" FROM "schema_migrations" ORDER BY "schema_migrations"."version" ASC[0m
  ↳ /Users/parvathikumar/.rvm/gems/ruby-2.3.3/gems/activerecord-5.2.3/lib/active_record/log_subscriber.rb:98
Processing by Rails::WelcomeController#index as HTML
  Rendering /Users/parvathikumar/.rvm/gems/ruby-2.3.3/gems/railties-5.2.3/lib/rails/templates/rails/welcome/index.html.erb
  Rendered /Users/parvathikumar/.rvm/gems/ruby-2.3.3/gems/railties-5.2.3/lib/rails/templates/rails/welcome/index.html.erb (3.4ms)
Completed 200 OK in 11ms (Views: 7.5ms | ActiveRecord: 0.0ms)


Started GET "/favicon.ico" for ::1 at 2019-06-03 17:26:17 -0500
  
ActionController::RoutingError (No route matches [GET] "/favicon.ico"):
  
actionpack (5.2.3) lib/action_dispatch/middleware/debug_exceptions.rb:65:in `call'
actionpack (5.2.3) lib/action_dispatch/middleware/show_exceptions.rb:33:in `call'
railties (5.2.3) lib/rails/rack/logger.rb:38:in `call_app'
railties (5.2.3) lib/rails/rack/logger.rb:26:in `block in call'
activesupport (5.2.3) lib/active_support/tagged_logging.rb:71:in `block in tagged'
activesupport (5.2.3) lib/active_support/tagged_logging.rb:28:in `tagged'
activesupport (5.2.3) lib/active_support/tagged_logging.rb:71:in `tagged'
railties (5.2.3) lib/rails/rack/logger.rb:26:in `call'
actionpack (5.2.3) lib/action_dispatch/middleware/remote_ip.rb:81:in `call'
actionpack (5.2.3) lib/action_dispatch/middleware/request_id.rb:27:in `call'
rack (2.0.7) lib/rack/runtime.rb:22:in `call'
activesupport (5.2.3) lib/active_support/cache/strategy/local_cache_middleware.rb:29:in `call'
actionpack (5.2.3) lib/action_dispatch/middleware/executor.rb:14:in `call'
actionpack (5.2.3) lib/action_dispatch/middleware/static.rb:127:in `call'
rack (2.0.7) lib/rack/sendfile.rb:111:in `call'
railties (5.2.3) lib/rails/engine.rb:524:in `call'
puma (3.12.1) lib/puma/configuration.rb:227:in `call'
puma (3.12.1) lib/puma/server.rb:660:in `handle_request'
puma (3.12.1) lib/puma/server.rb:474:in `process_client'
puma (3.12.1) lib/puma/server.rb:334:in `block in run'
puma (3.12.1) lib/puma/thread_pool.rb:135:in `block in spawn_thread'
Started GET "/" for ::1 at 2019-06-03 17:26:21 -0500
Processing by Rails::WelcomeController#index as HTML
  Rendering /Users/parvathikumar/.rvm/gems/ruby-2.3.3/gems/railties-5.2.3/lib/rails/templates/rails/welcome/index.html.erb
  Rendered /Users/parvathikumar/.rvm/gems/ruby-2.3.3/gems/railties-5.2.3/lib/rails/templates/rails/welcome/index.html.erb (11.8ms)
Completed 200 OK in 18ms (Views: 14.0ms | ActiveRecord: 0.0ms)


Started GET "/" for ::1 at 2019-06-04 12:10:50 -0500
  [1m[35m (0.4ms)[0m  [1m[34mSELECT "schema_migrations"."version" FROM "schema_migrations" ORDER BY "schema_migrations"."version" ASC[0m
  ↳ /Users/parvathikumar/.rvm/gems/ruby-2.3.3/gems/activerecord-5.2.3/lib/active_record/log_subscriber.rb:98
Processing by Rails::WelcomeController#index as HTML
  Rendering /Users/parvathikumar/.rvm/gems/ruby-2.3.3/gems/railties-5.2.3/lib/rails/templates/rails/welcome/index.html.erb
  Rendered /Users/parvathikumar/.rvm/gems/ruby-2.3.3/gems/railties-5.2.3/lib/rails/templates/rails/welcome/index.html.erb (6.1ms)
Completed 200 OK in 22ms (Views: 15.7ms | ActiveRecord: 0.0ms)


Started GET "/api" for ::1 at 2019-06-04 12:11:00 -0500
  
ActionController::RoutingError (No route matches [GET] "/api"):
  
actionpack (5.2.3) lib/action_dispatch/middleware/debug_exceptions.rb:65:in `call'
actionpack (5.2.3) lib/action_dispatch/middleware/show_exceptions.rb:33:in `call'
railties (5.2.3) lib/rails/rack/logger.rb:38:in `call_app'
railties (5.2.3) lib/rails/rack/logger.rb:26:in `block in call'
activesupport (5.2.3) lib/active_support/tagged_logging.rb:71:in `block in tagged'
activesupport (5.2.3) lib/active_support/tagged_logging.rb:28:in `tagged'
activesupport (5.2.3) lib/active_support/tagged_logging.rb:71:in `tagged'
railties (5.2.3) lib/rails/rack/logger.rb:26:in `call'
actionpack (5.2.3) lib/action_dispatch/middleware/remote_ip.rb:81:in `call'
actionpack (5.2.3) lib/action_dispatch/middleware/request_id.rb:27:in `call'
rack (2.0.7) lib/rack/runtime.rb:22:in `call'
activesupport (5.2.3) lib/active_support/cache/strategy/local_cache_middleware.rb:29:in `call'
actionpack (5.2.3) lib/action_dispatch/middleware/executor.rb:14:in `call'
actionpack (5.2.3) lib/action_dispatch/middleware/static.rb:127:in `call'
rack (2.0.7) lib/rack/sendfile.rb:111:in `call'
railties (5.2.3) lib/rails/engine.rb:524:in `call'
puma (3.12.1) lib/puma/configuration.rb:227:in `call'
puma (3.12.1) lib/puma/server.rb:660:in `handle_request'
puma (3.12.1) lib/puma/server.rb:474:in `process_client'
puma (3.12.1) lib/puma/server.rb:334:in `block in run'
puma (3.12.1) lib/puma/thread_pool.rb:135:in `block in spawn_thread'
Started GET "/1" for ::1 at 2019-06-04 13:12:06 -0500
  
ActionController::RoutingError (No route matches [GET] "/1"):
  
actionpack (5.2.3) lib/action_dispatch/middleware/debug_exceptions.rb:65:in `call'
actionpack (5.2.3) lib/action_dispatch/middleware/show_exceptions.rb:33:in `call'
railties (5.2.3) lib/rails/rack/logger.rb:38:in `call_app'
railties (5.2.3) lib/rails/rack/logger.rb:26:in `block in call'
activesupport (5.2.3) lib/active_support/tagged_logging.rb:71:in `block in tagged'
activesupport (5.2.3) lib/active_support/tagged_logging.rb:28:in `tagged'
activesupport (5.2.3) lib/active_support/tagged_logging.rb:71:in `tagged'
railties (5.2.3) lib/rails/rack/logger.rb:26:in `call'
actionpack (5.2.3) lib/action_dispatch/middleware/remote_ip.rb:81:in `call'
actionpack (5.2.3) lib/action_dispatch/middleware/request_id.rb:27:in `call'
rack (2.0.7) lib/rack/runtime.rb:22:in `call'
activesupport (5.2.3) lib/active_support/cache/strategy/local_cache_middleware.rb:29:in `call'
actionpack (5.2.3) lib/action_dispatch/middleware/executor.rb:14:in `call'
actionpack (5.2.3) lib/action_dispatch/middleware/static.rb:127:in `call'
rack (2.0.7) lib/rack/sendfile.rb:111:in `call'
railties (5.2.3) lib/rails/engine.rb:524:in `call'
puma (3.12.1) lib/puma/configuration.rb:227:in `call'
puma (3.12.1) lib/puma/server.rb:660:in `handle_request'
puma (3.12.1) lib/puma/server.rb:474:in `process_client'
puma (3.12.1) lib/puma/server.rb:334:in `block in run'
puma (3.12.1) lib/puma/thread_pool.rb:135:in `block in spawn_thread'
Started GET "/habits/1" for ::1 at 2019-06-04 13:12:19 -0500
Processing by HabitsController#show as HTML
  Parameters: {"id"=>"1"}
  [1m[36mHabit Load (2.1ms)[0m  [1m[34mSELECT  "habits".* FROM "habits" WHERE "habits"."id" = ? LIMIT ?[0m  [["id", 1], ["LIMIT", 1]]
  ↳ app/controllers/habits_controller.rb:4
Completed 404 Not Found in 20ms (ActiveRecord: 2.8ms)


  
ActiveRecord::RecordNotFound (Couldn't find Habit with 'id'=1):
  
app/controllers/habits_controller.rb:4:in `show'
  [1m[35m (0.6ms)[0m  [1m[34mSELECT "schema_migrations"."version" FROM "schema_migrations" ORDER BY "schema_migrations"."version" ASC[0m
  ↳ /Users/parvathikumar/.rvm/gems/ruby-2.3.3/bin/rake:23
  [1m[35m (0.6ms)[0m  [1m[34mSELECT "schema_migrations"."version" FROM "schema_migrations" ORDER BY "schema_migrations"."version" ASC[0m
  ↳ /Users/parvathikumar/.rvm/gems/ruby-2.3.3/bin/rake:23
  [1m[35m (0.4ms)[0m  [1m[34mSELECT "schema_migrations"."version" FROM "schema_migrations" ORDER BY "schema_migrations"."version" ASC[0m
  ↳ /Users/parvathikumar/.rvm/gems/ruby-2.3.3/bin/rake:23
  [1m[35m (0.1ms)[0m  [1m[34mSELECT "schema_migrations"."version" FROM "schema_migrations" ORDER BY "schema_migrations"."version" ASC[0m
  ↳ /Users/parvathikumar/.rvm/gems/ruby-2.3.3/bin/rake:23
  [1m[35m (0.1ms)[0m  [1m[34mSELECT "schema_migrations"."version" FROM "schema_migrations" ORDER BY "schema_migrations"."version" ASC[0m
  ↳ /Users/parvathikumar/.rvm/gems/ruby-2.3.3/bin/rake:23
  [1m[35m (0.1ms)[0m  [1m[34mSELECT "schema_migrations"."version" FROM "schema_migrations" ORDER BY "schema_migrations"."version" ASC[0m
  ↳ /Users/parvathikumar/.rvm/gems/ruby-2.3.3/bin/rake:23
Migrating to CreateHabits (20190603193312)
  [1m[35m (0.1ms)[0m  [1m[36mbegin transaction[0m
  ↳ /Users/parvathikumar/.rvm/gems/ruby-2.3.3/bin/rake:23
  [1m[35m (3.2ms)[0m  [1m[35mDROP TABLE "habits"[0m
  ↳ /Users/parvathikumar/.rvm/gems/ruby-2.3.3/bin/rake:23
  [1m[36mActiveRecord::SchemaMigration Destroy (0.4ms)[0m  [1m[31mDELETE FROM "schema_migrations" WHERE "schema_migrations"."version" = ?[0m  [["version", "20190603193312"]]
  ↳ /Users/parvathikumar/.rvm/gems/ruby-2.3.3/bin/rake:23
  [1m[35m (0.9ms)[0m  [1m[36mcommit transaction[0m
  ↳ /Users/parvathikumar/.rvm/gems/ruby-2.3.3/bin/rake:23
  [1m[35m (0.2ms)[0m  [1m[34mSELECT "schema_migrations"."version" FROM "schema_migrations" ORDER BY "schema_migrations"."version" ASC[0m
  ↳ /Users/parvathikumar/.rvm/gems/ruby-2.3.3/bin/rake:23
  [1m[35m (0.5ms)[0m  [1m[34mSELECT "schema_migrations"."version" FROM "schema_migrations" ORDER BY "schema_migrations"."version" ASC[0m
  ↳ /Users/parvathikumar/.rvm/gems/ruby-2.3.3/bin/rake:23
Migrating to CreateHabits (20190603193312)
  [1m[35m (0.1ms)[0m  [1m[36mbegin transaction[0m
  ↳ /Users/parvathikumar/.rvm/gems/ruby-2.3.3/bin/rake:23
  [1m[35m (0.5ms)[0m  [1m[34mSELECT sqlite_version(*)[0m
  ↳ db/migrate/20190603193312_create_habits.rb:3
  [1m[35m (1.1ms)[0m  [1m[35mCREATE TABLE "habits" ("id" integer PRIMARY KEY AUTOINCREMENT NOT NULL, "name" varchar, "frequency" integer, "count" integer, "good_or_bad" varchar, "created_at" datetime NOT NULL, "updated_at" datetime NOT NULL)[0m
  ↳ db/migrate/20190603193312_create_habits.rb:3
  [1m[36mActiveRecord::SchemaMigration Create (1.3ms)[0m  [1m[32mINSERT INTO "schema_migrations" ("version") VALUES (?)[0m  [["version", "20190603193312"]]
  ↳ /Users/parvathikumar/.rvm/gems/ruby-2.3.3/bin/rake:23
  [1m[35m (1.2ms)[0m  [1m[36mcommit transaction[0m
  ↳ /Users/parvathikumar/.rvm/gems/ruby-2.3.3/bin/rake:23
  [1m[36mActiveRecord::InternalMetadata Load (0.8ms)[0m  [1m[34mSELECT  "ar_internal_metadata".* FROM "ar_internal_metadata" WHERE "ar_internal_metadata"."key" = ? LIMIT ?[0m  [["key", "environment"], ["LIMIT", 1]]
  ↳ /Users/parvathikumar/.rvm/gems/ruby-2.3.3/bin/rake:23
  [1m[35m (0.1ms)[0m  [1m[36mbegin transaction[0m
  ↳ /Users/parvathikumar/.rvm/gems/ruby-2.3.3/bin/rake:23
  [1m[35m (0.0ms)[0m  [1m[36mcommit transaction[0m
  ↳ /Users/parvathikumar/.rvm/gems/ruby-2.3.3/bin/rake:23
  [1m[35m (0.2ms)[0m  [1m[34mSELECT "schema_migrations"."version" FROM "schema_migrations" ORDER BY "schema_migrations"."version" ASC[0m
  ↳ /Users/parvathikumar/.rvm/gems/ruby-2.3.3/bin/rake:23
  [1m[35m (0.1ms)[0m  [1m[34mSELECT "schema_migrations"."version" FROM "schema_migrations" ORDER BY "schema_migrations"."version" ASC[0m
  ↳ /Users/parvathikumar/.rvm/gems/ruby-2.3.3/bin/rake:23
  [1m[35m (0.6ms)[0m  [1m[34mSELECT "schema_migrations"."version" FROM "schema_migrations" ORDER BY "schema_migrations"."version" ASC[0m
  ↳ /Users/parvathikumar/.rvm/gems/ruby-2.3.3/bin/rake:23
  [1m[35m (0.1ms)[0m  [1m[36mbegin transaction[0m
  ↳ db/seeds.rb:11
  [1m[36mHabit Create (1.0ms)[0m  [1m[32mINSERT INTO "habits" ("name", "frequency", "count", "good_or_bad", "created_at", "updated_at") VALUES (?, ?, ?, ?, ?, ?)[0m  [["name", "Sleep early"], ["frequency", 5], ["count", 0], ["good_or_bad", "good"], ["created_at", "2019-06-04 18:15:13.041656"], ["updated_at", "2019-06-04 18:15:13.041656"]]
  ↳ db/seeds.rb:11
  [1m[35m (1.0ms)[0m  [1m[36mcommit transaction[0m
  ↳ db/seeds.rb:11
Started GET "/habits/1" for ::1 at 2019-06-04 13:15:26 -0500
  [1m[35m (0.2ms)[0m  [1m[34mSELECT "schema_migrations"."version" FROM "schema_migrations" ORDER BY "schema_migrations"."version" ASC[0m
  ↳ /Users/parvathikumar/.rvm/gems/ruby-2.3.3/gems/activerecord-5.2.3/lib/active_record/log_subscriber.rb:98
Processing by HabitsController#show as HTML
  Parameters: {"id"=>"1"}
  [1m[36mHabit Load (0.3ms)[0m  [1m[34mSELECT  "habits".* FROM "habits" WHERE "habits"."id" = ? LIMIT ?[0m  [["id", 1], ["LIMIT", 1]]
  ↳ app/controllers/habits_controller.rb:4
Completed 500 Internal Server Error in 25ms (ActiveRecord: 0.9ms)


  
NameError (uninitialized constant ActiveRecord::Serializer):
  
app/serializers/habit_serializer.rb:2:in `<main>'
app/controllers/habits_controller.rb:5:in `show'
Started GET "/habits/1" for ::1 at 2019-06-04 13:16:38 -0500
  [1m[35m (0.2ms)[0m  [1m[34mSELECT "schema_migrations"."version" FROM "schema_migrations" ORDER BY "schema_migrations"."version" ASC[0m
  ↳ /Users/parvathikumar/.rvm/gems/ruby-2.3.3/gems/activerecord-5.2.3/lib/active_record/log_subscriber.rb:98
Processing by HabitsController#show as HTML
  Parameters: {"id"=>"1"}
  [1m[36mHabit Load (0.2ms)[0m  [1m[34mSELECT  "habits".* FROM "habits" WHERE "habits"."id" = ? LIMIT ?[0m  [["id", 1], ["LIMIT", 1]]
  ↳ app/controllers/habits_controller.rb:4
Completed 500 Internal Server Error in 21ms (ActiveRecord: 0.7ms)


  
NameError (uninitialized constant ActiveRecord::Serializer):
  
app/serializers/habit_serializer.rb:2:in `<main>'
app/controllers/habits_controller.rb:5:in `show'
Started GET "/habits/1" for ::1 at 2019-06-04 13:22:21 -0500
  [1m[35m (0.5ms)[0m  [1m[34mSELECT "schema_migrations"."version" FROM "schema_migrations" ORDER BY "schema_migrations"."version" ASC[0m
  ↳ /Users/parvathikumar/.rvm/gems/ruby-2.3.3/gems/activerecord-5.2.3/lib/active_record/log_subscriber.rb:98
Processing by HabitsController#show as HTML
  Parameters: {"id"=>"1"}
  [1m[36mHabit Load (0.6ms)[0m  [1m[34mSELECT  "habits".* FROM "habits" WHERE "habits"."id" = ? LIMIT ?[0m  [["id", 1], ["LIMIT", 1]]
  ↳ app/controllers/habits_controller.rb:4
[active_model_serializers] Rendered HabitSerializer with ActiveModelSerializers::Adapter::Attributes (3.41ms)
Completed 500 Internal Server Error in 41ms (ActiveRecord: 1.2ms)


  
NoMethodError (undefined method `type' for #<Habit:0x007fd37e0d4a18>):
  
app/controllers/habits_controller.rb:5:in `show'
Started GET "/habits/1" for ::1 at 2019-06-04 13:22:35 -0500
Processing by HabitsController#show as HTML
  Parameters: {"id"=>"1"}
  [1m[36mHabit Load (0.5ms)[0m  [1m[34mSELECT  "habits".* FROM "habits" WHERE "habits"."id" = ? LIMIT ?[0m  [["id", 1], ["LIMIT", 1]]
  ↳ app/controllers/habits_controller.rb:4
[active_model_serializers] Rendered HabitSerializer with ActiveModelSerializers::Adapter::Attributes (0.61ms)
Completed 200 OK in 25ms (Views: 3.9ms | ActiveRecord: 1.3ms)


